# JRE version: OpenJDK Runtime Environment (8.0_212-b04) (build 1.8.0_212-release-1586-b04)
# Java VM: OpenJDK 64-Bit Server VM (25.212-b04 mixed mode windows-amd64 compressed oops)
Heap:
 PSYoungGen      total 144384K, used 90235K [0x00000000e0000000, 0x00000000e9900000, 0x0000000100000000)
  eden space 132096K, 59% used [0x00000000e0000000,0x00000000e4ce9c60,0x00000000e8100000)
  from space 12288K, 93% used [0x00000000e8100000,0x00000000e8c35218,0x00000000e8d00000)
  to   space 10752K, 0% used [0x00000000e8e80000,0x00000000e8e80000,0x00000000e9900000)
 ParOldGen       total 90624K, used 33325K [0x00000000a0000000, 0x00000000a5880000, 0x00000000e0000000)
  object space 90624K, 36% used [0x00000000a0000000,0x00000000a208b778,0x00000000a5880000)
 Metaspace       used 66074K, capacity 68520K, committed 68736K, reserved 1107968K
  class space    used 8998K, capacity 9511K, committed 9600K, reserved 1048576K
GC Heap History (10 events):
Event: 11.317 GC heap before
{Heap before GC invocations=12 (full 2):
 PSYoungGen      total 110080K, used 98304K [0x00000000e0000000, 0x00000000e9a00000, 0x0000000100000000)
  eden space 98304K, 100% used [0x00000000e0000000,0x00000000e6000000,0x00000000e6000000)
  from space 11776K, 0% used [0x00000000e6000000,0x00000000e6000000,0x00000000e6b80000)
  to   space 11776K, 0% used [0x00000000e8e80000,0x00000000e8e80000,0x00000000e9a00000)
 ParOldGen       total 90624K, used 15647K [0x00000000a0000000, 0x00000000a5880000, 0x00000000e0000000)
  object space 90624K, 17% used [0x00000000a0000000,0x00000000a0f47ea0,0x00000000a5880000)
 Metaspace       used 38933K, capacity 40084K, committed 40192K, reserved 1083392K
  class space    used 5244K, capacity 5524K, committed 5632K, reserved 1048576K
Event: 11.356 GC heap after
Heap after GC invocations=12 (full 2):
 PSYoungGen      total 142848K, used 8894K [0x00000000e0000000, 0x00000000e9900000, 0x0000000100000000)
  eden space 132096K, 0% used [0x00000000e0000000,0x00000000e0000000,0x00000000e8100000)
  from space 10752K, 82% used [0x00000000e8e80000,0x00000000e972fa50,0x00000000e9900000)
  to   space 12288K, 0% used [0x00000000e8100000,0x00000000e8100000,0x00000000e8d00000)
 ParOldGen       total 90624K, used 15655K [0x00000000a0000000, 0x00000000a5880000, 0x00000000e0000000)
  object space 90624K, 17% used [0x00000000a0000000,0x00000000a0f49ea0,0x00000000a5880000)
 Metaspace       used 38933K, capacity 40084K, committed 40192K, reserved 1083392K
  class space    used 5244K, capacity 5524K, committed 5632K, reserved 1048576K
}
Event: 14.084 GC heap before
{Heap before GC invocations=13 (full 2):
 PSYoungGen      total 142848K, used 140990K [0x00000000e0000000, 0x00000000e9900000, 0x0000000100000000)
  eden space 132096K, 100% used [0x00000000e0000000,0x00000000e8100000,0x00000000e8100000)
  from space 10752K, 82% used [0x00000000e8e80000,0x00000000e972fa50,0x00000000e9900000)
  to   space 12288K, 0% used [0x00000000e8100000,0x00000000e8100000,0x00000000e8d00000)
 ParOldGen       total 90624K, used 15655K [0x00000000a0000000, 0x00000000a5880000, 0x00000000e0000000)
  object space 90624K, 17% used [0x00000000a0000000,0x00000000a0f49ea0,0x00000000a5880000)
 Metaspace       used 52563K, capacity 54074K, committed 54400K, reserved 1095680K
  class space    used 6905K, capacity 7233K, committed 7296K, reserved 1048576K
Event: 14.110 GC heap after
Heap after GC invocations=13 (full 2):
 PSYoungGen      total 144384K, used 12284K [0x00000000e0000000, 0x00000000e9900000, 0x0000000100000000)
  eden space 132096K, 0% used [0x00000000e0000000,0x00000000e0000000,0x00000000e8100000)
  from space 12288K, 99% used [0x00000000e8100000,0x00000000e8cff350,0x00000000e8d00000)
  to   space 10752K, 0% used [0x00000000e8e80000,0x00000000e8e80000,0x00000000e9900000)
 ParOldGen       total 90624K, used 24515K [0x00000000a0000000, 0x00000000a5880000, 0x00000000e0000000)
  object space 90624K, 27% used [0x00000000a0000000,0x00000000a17f0cc8,0x00000000a5880000)
 Metaspace       used 52563K, capacity 54074K, committed 54400K, reserved 1095680K
  class space    used 6905K, capacity 7233K, committed 7296K, reserved 1048576K
}
Event: 15.109 GC heap before
{Heap before GC invocations=14 (full 2):
 PSYoungGen      total 144384K, used 74414K [0x00000000e0000000, 0x00000000e9900000, 0x0000000100000000)
  eden space 132096K, 47% used [0x00000000e0000000,0x00000000e3cac5b8,0x00000000e8100000)
  from space 12288K, 99% used [0x00000000e8100000,0x00000000e8cff350,0x00000000e8d00000)
  to   space 10752K, 0% used [0x00000000e8e80000,0x00000000e8e80000,0x00000000e9900000)
 ParOldGen       total 90624K, used 24515K [0x00000000a0000000, 0x00000000a5880000, 0x00000000e0000000)
  object space 90624K, 27% used [0x00000000a0000000,0x00000000a17f0cc8,0x00000000a5880000)
 Metaspace       used 57010K, capacity 58974K, committed 59136K, reserved 1099776K
  class space    used 7649K, capacity 8092K, committed 8192K, reserved 1048576K
Event: 15.132 GC heap after
Heap after GC invocations=14 (full 2):
 PSYoungGen      total 142848K, used 7452K [0x00000000e0000000, 0x00000000e9900000, 0x0000000100000000)
  eden space 132096K, 0% used [0x00000000e0000000,0x00000000e0000000,0x00000000e8100000)
  from space 10752K, 69% used [0x00000000e8e80000,0x00000000e95c7308,0x00000000e9900000)
  to   space 12288K, 0% used [0x00000000e8100000,0x00000000e8100000,0x00000000e8d00000)
 ParOldGen       total 90624K, used 36698K [0x00000000a0000000, 0x00000000a5880000, 0x00000000e0000000)
  object space 90624K, 40% used [0x00000000a0000000,0x00000000a23d6970,0x00000000a5880000)
 Metaspace       used 57010K, capacity 58974K, committed 59136K, reserved 1099776K
  class space    used 7649K, capacity 8092K, committed 8192K, reserved 1048576K
}
Event: 15.132 GC heap before
{Heap before GC invocations=15 (full 3):
 PSYoungGen      total 142848K, used 7452K [0x00000000e0000000, 0x00000000e9900000, 0x0000000100000000)
  eden space 132096K, 0% used [0x00000000e0000000,0x00000000e0000000,0x00000000e8100000)
  from space 10752K, 69% used [0x00000000e8e80000,0x00000000e95c7308,0x00000000e9900000)
  to   space 12288K, 0% used [0x00000000e8100000,0x00000000e8100000,0x00000000e8d00000)
 ParOldGen       total 90624K, used 36698K [0x00000000a0000000, 0x00000000a5880000, 0x00000000e0000000)
  object space 90624K, 40% used [0x00000000a0000000,0x00000000a23d6970,0x00000000a5880000)
 Metaspace       used 57010K, capacity 58974K, committed 59136K, reserved 1099776K
  class space    used 7649K, capacity 8092K, committed 8192K, reserved 1048576K
Event: 15.394 GC heap after
Heap after GC invocations=15 (full 3):
 PSYoungGen      total 142848K, used 0K [0x00000000e0000000, 0x00000000e9900000, 0x0000000100000000)
  eden space 132096K, 0% used [0x00000000e0000000,0x00000000e0000000,0x00000000e8100000)
  from space 10752K, 0% used [0x00000000e8e80000,0x00000000e8e80000,0x00000000e9900000)
  to   space 12288K, 0% used [0x00000000e8100000,0x00000000e8100000,0x00000000e8d00000)
 ParOldGen       total 90624K, used 33325K [0x00000000a0000000, 0x00000000a5880000, 0x00000000e0000000)
  object space 90624K, 36% used [0x00000000a0000000,0x00000000a208b778,0x00000000a5880000)
 Metaspace       used 56971K, capacity 58850K, committed 59136K, reserved 1099776K
  class space    used 7638K, capacity 8077K, committed 8192K, reserved 1048576K
}
Event: 17.037 GC heap before
{Heap before GC invocations=16 (full 3):
 PSYoungGen      total 142848K, used 132096K [0x00000000e0000000, 0x00000000e9900000, 0x0000000100000000)
  eden space 132096K, 100% used [0x00000000e0000000,0x00000000e8100000,0x00000000e8100000)
  from space 10752K, 0% used [0x00000000e8e80000,0x00000000e8e80000,0x00000000e9900000)
  to   space 12288K, 0% used [0x00000000e8100000,0x00000000e8100000,0x00000000e8d00000)
 ParOldGen       total 90624K, used 33325K [0x00000000a0000000, 0x00000000a5880000, 0x00000000e0000000)
  object space 90624K, 36% used [0x00000000a0000000,0x00000000a208b778,0x00000000a5880000)
 Metaspace       used 62869K, capacity 65114K, committed 65408K, reserved 1105920K
  class space    used 8559K, capacity 8999K, committed 9088K, reserved 1048576K
Event: 17.059 GC heap after
Heap after GC invocations=16 (full 3):
 PSYoungGen      total 144384K, used 11476K [0x00000000e0000000, 0x00000000e9900000, 0x0000000100000000)
  eden space 132096K, 0% used [0x00000000e0000000,0x00000000e0000000,0x00000000e8100000)
  from space 12288K, 93% used [0x00000000e8100000,0x00000000e8c35218,0x00000000e8d00000)
  to   space 10752K, 0% used [0x00000000e8e80000,0x00000000e8e80000,0x00000000e9900000)
 ParOldGen       total 90624K, used 33325K [0x00000000a0000000, 0x00000000a5880000, 0x00000000e0000000)
  object space 90624K, 36% used [0x00000000a0000000,0x00000000a208b778,0x00000000a5880000)
 Metaspace       used 62869K, capacity 65114K, committed 65408K, reserved 1105920K
  class space    used 8559K, capacity 8999K, committed 9088K, reserved 1048576K
}

